
> mailcroc-app@0.1.0 build
> next build

Γû▓ Next.js 16.1.6 (Turbopack)
- Environments: .env.local

  Creating an optimized production build ...
Γ£ô Compiled successfully in 30.4s
  Running TypeScript ...
  Collecting page data using 7 workers ...
ΓÜá Using edge runtime on a page currently disables static generation for that page
  Generating static pages using 7 workers (0/19) ...
  Generating static pages using 7 workers (4/19) 
  Generating static pages using 7 workers (9/19) 
  Generating static pages using 7 workers (14/19) 
Γ£ô Generating static pages using 7 workers (19/19) in 3.9s
  Finalizing page optimization ...

Route (app)
Γöî Γùï /
Γö£ Γùï /_not-found
Γö£ ╞Æ /api/ai/speech
Γö£ ╞Æ /api/ai/summarize
Γö£ ╞Æ /api/ai/write
Γö£ ╞Æ /api/developers/keys
Γö£ ╞Æ /api/emails
Γö£ ╞Æ /api/emails/send
Γö£ ╞Æ /api/v1/emails/[id]
Γö£ ╞Æ /api/v1/generate
Γö£ ╞Æ /api/v1/inbox/[address]
Γö£ ╞Æ /api/webhook/email
Γö£ Γùï /developers
Γö£ Γùï /docs
Γö£ Γùï /features
Γö£ Γùï /mail
Γö£ Γùï /offline
Γö£ Γùï /pricing
Γö£ Γùï /privacy
Γöö Γùï /terms


Γùï  (Static)   prerendered as static content
╞Æ  (Dynamic)  server-rendered on demand

