
> mailcroc-app@0.1.0 build
> next build

Γû▓ Next.js 16.1.6 (Turbopack)
- Environments: .env.local

  Creating an optimized production build ...

> Build error occurred
Error: Turbopack build failed with 5 errors:
./src/components/FallingText/FallingText.tsx:1:28
Ecmascript file had an error
> 1 | import { useRef, useState, useEffect } from 'react';
    |                            ^^^^^^^^^
  2 | import Matter from 'matter-js';
  3 | import './FallingText.css';
  4 |

You're importing a component that needs `useEffect`. This React Hook only works in a Client Component. To fix, mark the file (or its parent) with the `"use client"` directive.

 Learn more: https://nextjs.org/docs/app/api-reference/directives/use-client



Import trace:
  Server Component:
    ./src/components/FallingText/FallingText.tsx
    ./src/app/page.tsx


./src/components/FallingText/FallingText.tsx:1:10
Ecmascript file had an error
> 1 | import { useRef, useState, useEffect } from 'react';
    |          ^^^^^^
  2 | import Matter from 'matter-js';
  3 | import './FallingText.css';
  4 |

You're importing a component that needs `useRef`. This React Hook only works in a Client Component. To fix, mark the file (or its parent) with the `"use client"` directive.

 Learn more: https://nextjs.org/docs/app/api-reference/directives/use-client



Import trace:
  Server Component:
    ./src/components/FallingText/FallingText.tsx
    ./src/app/page.tsx


./src/components/FallingText/FallingText.tsx:1:18
Ecmascript file had an error
> 1 | import { useRef, useState, useEffect } from 'react';
    |                  ^^^^^^^^
  2 | import Matter from 'matter-js';
  3 | import './FallingText.css';
  4 |

You're importing a component that needs `useState`. This React Hook only works in a Client Component. To fix, mark the file (or its parent) with the `"use client"` directive.

 Learn more: https://nextjs.org/docs/app/api-reference/directives/use-client



Import trace:
  Server Component:
    ./src/components/FallingText/FallingText.tsx
    ./src/app/page.tsx


./src/components/ScrollFloat/ScrollFloat.tsx:1:17
Ecmascript file had an error
> 1 | import React, { useEffect, useMemo, useRef, ReactNode, RefObject } from 'react';
    |                 ^^^^^^^^^
  2 | import { gsap } from 'gsap';
  3 | import { ScrollTrigger } from 'gsap/ScrollTrigger';
  4 |

You're importing a component that needs `useEffect`. This React Hook only works in a Client Component. To fix, mark the file (or its parent) with the `"use client"` directive.

 Learn more: https://nextjs.org/docs/app/api-reference/directives/use-client



Import trace:
  Server Component:
    ./src/components/ScrollFloat/ScrollFloat.tsx
    ./src/app/page.tsx


./src/components/ScrollFloat/ScrollFloat.tsx:1:37
Ecmascript file had an error
> 1 | import React, { useEffect, useMemo, useRef, ReactNode, RefObject } from 'react';
    |                                     ^^^^^^
  2 | import { gsap } from 'gsap';
  3 | import { ScrollTrigger } from 'gsap/ScrollTrigger';
  4 |

You're importing a component that needs `useRef`. This React Hook only works in a Client Component. To fix, mark the file (or its parent) with the `"use client"` directive.

 Learn more: https://nextjs.org/docs/app/api-reference/directives/use-client



Import trace:
  Server Component:
    ./src/components/ScrollFloat/ScrollFloat.tsx
    ./src/app/page.tsx


    at <unknown> (./src/components/FallingText/FallingText.tsx:1:28)
    at <unknown> (./src/components/FallingText/FallingText.tsx:1:10)
    at <unknown> (./src/components/FallingText/FallingText.tsx:1:18)
    at <unknown> (./src/components/ScrollFloat/ScrollFloat.tsx:1:17)
    at <unknown> (./src/components/ScrollFloat/ScrollFloat.tsx:1:37)
